alpha wi dummy
0.0	[-0. -0. -0. -0. -0. -0. -0. -0. -0. -0. -0. -0. -0. -0. -0. -0. -0. -0.
 -0. -0. -0. -0. -0. -0. -0. -0. -0. -0. -0. -0. -0. -0. -0. -0. -0. -0.
 -0. -0. -0. -0. -0. -0. -0. -0. -0. -0. -0. -0. -0. -0. -0. -0. -0. -0.
 -0. -0. -0. -0. -0. -0. -0. -0. -0. -0. -0. -0. -0. -0. -0. -0. -0. -0.
 -0. -0. -0. -0. -0. -0. -0. -0. -0. -0. -0. -0. -0. -0. -0. -0. -0. -0.
 -0. -0. -0. -0. -0. -0. -0. -0. -0. -0.]	0
0.0	[-0.10988182 -0.1533981  -0.1237352  -0.13334951 -0.11938264 -0.12550691
 -0.11669486 -0.12147316 -0.11522637 -0.11717025 -0.11045302 -0.11219961
 -0.10674743 -0.10844726 -0.10397118 -0.10572207 -0.09982102 -0.09935627
 -0.09395409 -0.09345723 -0.08848045 -0.08799305 -0.08339163 -0.08294416
 -0.07867904 -0.07829288 -0.07433177 -0.07402162 -0.07033686 -0.07011254
 -0.06667989 -0.06654771 -0.06334561 -0.06330946 -0.06031852 -0.06038061
 -0.05758336 -0.05774486 -0.05512549 -0.05538699 -0.05293123 -0.05329312
 -0.05098811 -0.0514509  -0.04928513 -0.04984969 -0.04781293 -0.04848073
 -0.04656398 -0.04733726 -0.04553274 -0.04641477 -0.04471588 -0.04571109
 -0.04411245 -0.04522669 -0.04372412 -0.0449649  -0.04355546 -0.04493222
 -0.04361429 -0.04513874 -0.04391207 -0.04559861 -0.04446438 -0.04633058
 -0.04529158 -0.04735879 -0.04641945 -0.04871357 -0.04788009 -0.05043248
 -0.0497129  -0.05256159 -0.05196573 -0.05515694 -0.05469617 -0.05828621
 -0.0579729  -0.0620308  -0.06187709 -0.06648809 -0.06650354 -0.07177411
 -0.07196124 -0.07802674 -0.0783725  -0.08540992 -0.08586921 -0.0941206
 -0.09458254 -0.10440463 -0.10461704 -0.11660616 -0.11617933 -0.12355231
 -0.11160564 -0.12360053 -0.09856458  4.01295389]	0
0.0	[-0.21976364 -0.3067962  -0.24747041 -0.26669902 -0.23876529 -0.25101382
 -0.23338971 -0.24294632 -0.23045275 -0.2343405  -0.22090604 -0.22439922
 -0.21349486 -0.21689452 -0.20794236 -0.21144414 -0.19964203 -0.19871254
 -0.18790817 -0.18691447 -0.17696089 -0.1759861  -0.16678327 -0.16588831
 -0.15735808 -0.15658576 -0.14866354 -0.14804324 -0.14067372 -0.14022507
 -0.13335978 -0.13309543 -0.12669121 -0.12661891 -0.12063704 -0.12076122
 -0.11516672 -0.11548972 -0.11025098 -0.11077398 -0.10586246 -0.10658624
 -0.10197622 -0.1029018  -0.09857026 -0.09969939 -0.09562586 -0.09696145
 -0.09312795 -0.09467453 -0.09106548 -0.09282953 -0.08943177 -0.09142218
 -0.08822491 -0.09045338 -0.08744825 -0.08992979 -0.08711093 -0.08986444
 -0.08722859 -0.09027748 -0.08782413 -0.09119721 -0.08892877 -0.09266117
 -0.09058316 -0.09471759 -0.09283891 -0.09742713 -0.09576019 -0.10086496
 -0.09942581 -0.10512319 -0.10393147 -0.11031387 -0.10939234 -0.11657242
 -0.1159458  -0.1240616  -0.12375418 -0.13297617 -0.13300709 -0.14354822
 -0.14392247 -0.15605349 -0.15674499 -0.17081984 -0.17173842 -0.18824121
 -0.18916508 -0.20880927 -0.20923408 -0.23321231 -0.23235867 -0.24710462
 -0.22321129 -0.24720106 -0.19712916  8.02590779]	0
0.0	[-0.32964546 -0.4601943  -0.37120561 -0.40004853 -0.35814793 -0.37652073
 -0.35008457 -0.36441949 -0.34567912 -0.35151075 -0.33135906 -0.33659882
 -0.32024229 -0.32534178 -0.31191354 -0.31716621 -0.29946305 -0.29806882
 -0.28186226 -0.2803717  -0.26544134 -0.26397915 -0.2501749  -0.24883247
 -0.23603712 -0.23487864 -0.22299531 -0.22206486 -0.21101058 -0.21033761
 -0.20003966 -0.19964314 -0.19003682 -0.18992837 -0.18095556 -0.18114183
 -0.17275008 -0.17323457 -0.16537647 -0.16616096 -0.15879368 -0.15987936
 -0.15296433 -0.1543527  -0.14785539 -0.14954908 -0.14343879 -0.14544218
 -0.13969193 -0.14201179 -0.13659822 -0.1392443  -0.13414765 -0.13713327
 -0.13233736 -0.13568008 -0.13117237 -0.13489469 -0.13066639 -0.13479666
 -0.13084288 -0.13541623 -0.1317362  -0.13679582 -0.13339315 -0.13899175
 -0.13587475 -0.14207638 -0.13925836 -0.1461407  -0.14364028 -0.15129744
 -0.14913871 -0.15768478 -0.1558972  -0.16547081 -0.1640885  -0.17485862
 -0.17391869 -0.18609239 -0.18563127 -0.19946426 -0.19951063 -0.21532233
 -0.21588371 -0.23408023 -0.23511749 -0.25622976 -0.25760764 -0.28236181
 -0.28374762 -0.3132139  -0.31385112 -0.34981847 -0.348538   -0.37065692
 -0.33481693 -0.37080158 -0.29569374 12.03886168]	0
0.0	[-0.43952728 -0.6135924  -0.49494082 -0.53339803 -0.47753057 -0.50202764
 -0.46677942 -0.48589265 -0.46090549 -0.468681   -0.44181208 -0.44879843
 -0.42698972 -0.43378904 -0.41588473 -0.42288828 -0.39928407 -0.39742509
 -0.37581634 -0.37382894 -0.35392179 -0.3519722  -0.33356654 -0.33177662
 -0.31471616 -0.31317152 -0.29732709 -0.29608648 -0.28134745 -0.28045015
 -0.26671955 -0.26619085 -0.25338242 -0.25323782 -0.24127407 -0.24152244
 -0.23033344 -0.23097943 -0.22050197 -0.22154795 -0.21172491 -0.21317247
 -0.20395244 -0.2058036  -0.19714053 -0.19939877 -0.19125172 -0.1939229
 -0.1862559  -0.18934905 -0.18213097 -0.18565907 -0.17886354 -0.18284436
 -0.17644982 -0.18090677 -0.17489649 -0.17985959 -0.17422186 -0.17972887
 -0.17445717 -0.18055497 -0.17564827 -0.18239442 -0.17785753 -0.18532233
 -0.18116633 -0.18943518 -0.18567781 -0.19485427 -0.19152037 -0.20172992
 -0.19885161 -0.21024638 -0.20786293 -0.22062774 -0.21878467 -0.23314483
 -0.23189159 -0.24812319 -0.24750836 -0.26595234 -0.26601418 -0.28709643
 -0.28784495 -0.31210697 -0.31348999 -0.34163968 -0.34347685 -0.37648241
 -0.37833016 -0.41761854 -0.41846817 -0.46642462 -0.46471733 -0.49420923
 -0.44642258 -0.49440211 -0.39425832 16.05181558]	0
0.0	[-0.5494091  -0.7669905  -0.61867602 -0.66674754 -0.59691322 -0.62753455
 -0.58347428 -0.60736581 -0.57613186 -0.58585125 -0.5522651  -0.56099804
 -0.53373715 -0.5422363  -0.51985591 -0.52861035 -0.49910509 -0.49678136
 -0.46977043 -0.46728617 -0.44240224 -0.43996525 -0.41695817 -0.41472078
 -0.3933952  -0.39146441 -0.37165886 -0.37010811 -0.35168431 -0.35056268
 -0.33339944 -0.33273856 -0.31672803 -0.31654728 -0.30159259 -0.30190305
 -0.2879168  -0.28872429 -0.27562746 -0.27693494 -0.26465614 -0.26646559
 -0.25494055 -0.2572545  -0.24642566 -0.24924846 -0.23906465 -0.24240363
 -0.23281988 -0.23668631 -0.22766371 -0.23207384 -0.22357942 -0.22855545
 -0.22056227 -0.22613346 -0.21862061 -0.22482449 -0.21777732 -0.22466109
 -0.21807147 -0.22569371 -0.21956033 -0.22799303 -0.22232192 -0.23165292
 -0.22645791 -0.23679397 -0.23209726 -0.24356783 -0.23940046 -0.2521624
 -0.24856452 -0.26280797 -0.25982867 -0.27578468 -0.27348084 -0.29143104
 -0.28986449 -0.31015399 -0.30938545 -0.33244043 -0.33251772 -0.35887054
 -0.35980619 -0.39013371 -0.39186249 -0.4270496  -0.42934606 -0.47060302
 -0.47291269 -0.52202317 -0.52308521 -0.58303078 -0.58089667 -0.61776154
 -0.55802822 -0.61800264 -0.4928229  20.06476947]	0
0.0	[-0.65929092 -0.9203886  -0.74241123 -0.80009705 -0.71629586 -0.75304146
 -0.70016913 -0.72883897 -0.69135824 -0.7030215  -0.66271812 -0.67319765
 -0.64048458 -0.65068356 -0.62382709 -0.63433242 -0.5989261  -0.59613763
 -0.56372451 -0.5607434  -0.53088268 -0.5279583  -0.50034981 -0.49766493
 -0.47207424 -0.46975729 -0.44599063 -0.44412973 -0.42202117 -0.42067522
 -0.40007933 -0.39928628 -0.38007363 -0.37985673 -0.36191111 -0.36228366
 -0.34550016 -0.34646915 -0.33075295 -0.33232193 -0.31758737 -0.31975871
 -0.30592866 -0.3087054  -0.29571079 -0.29909816 -0.28687758 -0.29088436
 -0.27938386 -0.28402358 -0.27319645 -0.2784886  -0.26829531 -0.27426654
 -0.26467473 -0.27136015 -0.26234474 -0.26978938 -0.26133279 -0.26959331
 -0.26168576 -0.27083245 -0.2634724  -0.27359164 -0.2667863  -0.2779835
 -0.27174949 -0.28415276 -0.27851672 -0.2922814  -0.28728056 -0.30259487
 -0.29827742 -0.31536957 -0.3117944  -0.33094162 -0.32817701 -0.34971725
 -0.34783739 -0.37218479 -0.37126254 -0.39892851 -0.39902127 -0.43064465
 -0.43176742 -0.46816046 -0.47023498 -0.51245952 -0.51521527 -0.56472362
 -0.56749523 -0.62642781 -0.62770225 -0.69963694 -0.697076   -0.74131385
 -0.66963387 -0.74160317 -0.59138749 24.07772337]	0
0.0	[-0.76917274 -1.0737867  -0.86614643 -0.93344656 -0.8356785  -0.87854837
 -0.81686399 -0.85031214 -0.80658461 -0.82019175 -0.77317115 -0.78539725
 -0.74723201 -0.75913082 -0.72779827 -0.7400545  -0.69874712 -0.6954939
 -0.6576786  -0.65420064 -0.61936313 -0.61595135 -0.58374144 -0.58060909
 -0.55075328 -0.54805017 -0.5203224  -0.51815135 -0.49235803 -0.49078776
 -0.46675921 -0.46583399 -0.44341924 -0.44316619 -0.42222963 -0.42266426
 -0.40308352 -0.40421401 -0.38587844 -0.38770892 -0.3705186  -0.37305183
 -0.35691678 -0.3601563  -0.34499592 -0.34894785 -0.33469051 -0.33936508
 -0.32594783 -0.33136084 -0.31872919 -0.32490337 -0.31301119 -0.31997763
 -0.30878718 -0.31658684 -0.30606886 -0.31475428 -0.30488825 -0.31452553
 -0.30530005 -0.3159712  -0.30738447 -0.31919024 -0.31125069 -0.32431408
 -0.31704107 -0.33151156 -0.32493617 -0.34099497 -0.33516065 -0.35302735
 -0.34799032 -0.36793116 -0.36376014 -0.38609855 -0.38287318 -0.40800345
 -0.40581029 -0.43421558 -0.43313964 -0.4654166  -0.46552481 -0.50241876
 -0.50372866 -0.5461872  -0.54860748 -0.59786944 -0.60108449 -0.65884422
 -0.66207777 -0.73083244 -0.73231929 -0.81624309 -0.81325533 -0.86486615
 -0.78123951 -0.86520369 -0.68995207 28.09067726]	0
0.0	[-0.87905456 -1.2271848  -0.98988164 -1.06679607 -0.95506114 -1.00405528
 -0.93355885 -0.9717853  -0.92181098 -0.93736199 -0.88362417 -0.89759686
 -0.85397944 -0.86757808 -0.83176945 -0.84577657 -0.79856814 -0.79485018
 -0.75163268 -0.74765787 -0.70784358 -0.70394441 -0.66713308 -0.66355324
 -0.62943232 -0.62634305 -0.59465417 -0.59217297 -0.56269489 -0.56090029
 -0.5334391  -0.5323817  -0.50676484 -0.50647564 -0.48254815 -0.48304487
 -0.46066688 -0.46195886 -0.44100393 -0.4430959  -0.42344983 -0.42634495
 -0.40790489 -0.4116072  -0.39428105 -0.39879754 -0.38250344 -0.38784581
 -0.37251181 -0.3786981  -0.36426193 -0.37131814 -0.35772708 -0.36568872
 -0.35289963 -0.36181353 -0.34979298 -0.35971918 -0.34844372 -0.35945775
 -0.34891435 -0.36110994 -0.35129653 -0.36478885 -0.35571507 -0.37064467
 -0.36233266 -0.37887035 -0.37135562 -0.38970854 -0.38304074 -0.40345983
 -0.39770322 -0.42049276 -0.41572587 -0.44125549 -0.43756934 -0.46628966
 -0.46378318 -0.49624638 -0.49501673 -0.53190468 -0.53202836 -0.57419287
 -0.5756899  -0.62421394 -0.62697998 -0.68327936 -0.6869537  -0.75296483
 -0.75666031 -0.83523707 -0.83693633 -0.93284925 -0.92943467 -0.98841846
 -0.89284515 -0.98880422 -0.78851665 32.10363116]	0
0.0	[-0.98893638 -1.3805829  -1.11361684 -1.20014558 -1.07444379 -1.12956219
 -1.0502537  -1.09325846 -1.03703736 -1.05453224 -0.99407719 -1.00979647
 -0.96072687 -0.97602534 -0.93574063 -0.95149864 -0.89838915 -0.89420645
 -0.84558677 -0.8411151  -0.79632402 -0.79193746 -0.75052471 -0.7464974
 -0.70811136 -0.70463593 -0.66898594 -0.66619459 -0.63303175 -0.63101283
 -0.60011899 -0.59892941 -0.57011045 -0.5697851  -0.54286667 -0.54342548
 -0.51825024 -0.51970372 -0.49612942 -0.49848289 -0.47638105 -0.47963807
 -0.458893   -0.4630581  -0.44356618 -0.44864723 -0.43031637 -0.43632653
 -0.41907579 -0.42603537 -0.40979467 -0.4177329  -0.40244296 -0.41139981
 -0.39701209 -0.40704023 -0.39351711 -0.40468408 -0.39199918 -0.40438997
 -0.39252864 -0.40624868 -0.3952086  -0.41038746 -0.40017945 -0.41697525
 -0.40762424 -0.42622914 -0.41777507 -0.4384221  -0.43092084 -0.45389231
 -0.44741613 -0.47305435 -0.4676916  -0.49641243 -0.49226551 -0.52457587
 -0.52175608 -0.55827718 -0.55689382 -0.59839277 -0.5985319  -0.64596698
 -0.64765114 -0.70224069 -0.70535247 -0.76868928 -0.77282291 -0.84708543
 -0.85124285 -0.93964171 -0.94155337 -1.04945541 -1.045614   -1.11197077
 -1.0044508  -1.11240475 -0.88708123 36.11658505]	0
0.0	[-1.0988182  -1.533981   -1.23735204 -1.33349508 -1.19382643 -1.2550691
 -1.16694856 -1.21473162 -1.15226373 -1.17170249 -1.10453021 -1.12199608
 -1.0674743  -1.0844726  -1.03971181 -1.05722071 -0.99821017 -0.99356272
 -0.93954085 -0.93457234 -0.88480447 -0.87993051 -0.83391635 -0.82944155
 -0.7867904  -0.78292881 -0.74331771 -0.74021621 -0.70336862 -0.70112537
 -0.66679888 -0.66547713 -0.63345605 -0.63309455 -0.60318519 -0.60380609
 -0.5758336  -0.57744858 -0.55125492 -0.55386988 -0.52931228 -0.53293119
 -0.50988111 -0.514509   -0.49285131 -0.49849693 -0.4781293  -0.48480726
 -0.46563976 -0.47337263 -0.45532741 -0.46414767 -0.44715884 -0.45711091
 -0.44112454 -0.45226692 -0.43724123 -0.44964897 -0.43555465 -0.44932219
 -0.43614293 -0.45138742 -0.43912066 -0.45598606 -0.44464384 -0.46330583
 -0.45291582 -0.47358794 -0.46419453 -0.48713567 -0.47880093 -0.50432479
 -0.49712903 -0.52561595 -0.51965734 -0.55156936 -0.54696168 -0.58286208
 -0.57972898 -0.62030798 -0.61877091 -0.66488086 -0.66503544 -0.71774109
 -0.71961237 -0.78026743 -0.78372497 -0.8540992  -0.85869212 -0.94120603
 -0.94582539 -1.04404634 -1.04617041 -1.16606156 -1.16179334 -1.23552308
 -1.11605644 -1.23600528 -0.98564581 40.12953895]	0
0.0	[-1.20870002 -1.6873791  -1.36108725 -1.46684459 -1.31320907 -1.38057601
 -1.28364341 -1.33620479 -1.2674901  -1.28887274 -1.21498323 -1.23419568
 -1.17422173 -1.19291986 -1.14368299 -1.16294278 -1.09803119 -1.09291899
 -1.03349494 -1.02802957 -0.97328492 -0.96792356 -0.91730798 -0.91238571
 -0.86546944 -0.86122169 -0.81764948 -0.81423783 -0.77370548 -0.7712379
 -0.73347876 -0.73202484 -0.69680166 -0.69640401 -0.6635037  -0.6641867
 -0.63341696 -0.63519344 -0.60638041 -0.60925687 -0.58224351 -0.5862243
 -0.56086922 -0.56595991 -0.54213644 -0.54834662 -0.52594223 -0.53328798
 -0.51220374 -0.52070989 -0.50086015 -0.51056244 -0.49187473 -0.502822
 -0.485237   -0.49749361 -0.48096535 -0.49461387 -0.47911011 -0.49425441
 -0.47975723 -0.49652617 -0.48303273 -0.50158467 -0.48910822 -0.50963642
 -0.4982074  -0.52094673 -0.51061398 -0.53584924 -0.52668102 -0.55475727
 -0.54684193 -0.57817754 -0.57162307 -0.6067263  -0.60165785 -0.64114829
 -0.63770188 -0.68233877 -0.680648   -0.73136894 -0.73153899 -0.78951519
 -0.79157361 -0.85829417 -0.86209747 -0.93950912 -0.94456133 -1.03532663
 -1.04040793 -1.14845098 -1.15078746 -1.28266772 -1.27797267 -1.35907539
 -1.22766209 -1.35960581 -1.08421039 44.14249284]	0
0.0	[-1.31858184 -1.8407772  -1.48482245 -1.6001941  -1.43259172 -1.50608291
 -1.40033827 -1.45767795 -1.38271647 -1.40604299 -1.32543625 -1.34639529
 -1.28096916 -1.30136712 -1.24765418 -1.26866485 -1.19785221 -1.19227527
 -1.12744902 -1.12148681 -1.06176537 -1.05591661 -1.00069962 -0.99532986
 -0.94414849 -0.93951457 -0.89198126 -0.88825945 -0.84404234 -0.84135044
 -0.80015865 -0.79857255 -0.76014726 -0.75971346 -0.72382222 -0.72456731
 -0.69100032 -0.6929383  -0.6615059  -0.66464386 -0.63517474 -0.63951742
 -0.61185733 -0.61741081 -0.59142158 -0.59819631 -0.57375516 -0.58176871
 -0.55876771 -0.56804715 -0.5463929  -0.5569772  -0.53659061 -0.54853309
 -0.52934945 -0.5427203  -0.52468947 -0.53957877 -0.52266558 -0.53918662
 -0.52337152 -0.54166491 -0.5269448  -0.54718327 -0.5335726  -0.555967
 -0.54349898 -0.56830553 -0.55703343 -0.5845628  -0.57456111 -0.60518975
 -0.59655484 -0.63073914 -0.6235888  -0.66188323 -0.65635402 -0.69943449
 -0.69567478 -0.74436957 -0.74252509 -0.79785703 -0.79804253 -0.8612893
 -0.86353485 -0.93632092 -0.94046997 -1.02491904 -1.03043055 -1.12944724
 -1.13499047 -1.25285561 -1.2554045  -1.39927387 -1.394152   -1.48262769
 -1.33926773 -1.48320633 -1.18277497 48.15544673]	0
0.0	[-1.42846366 -1.9941753  -1.60855766 -1.73354361 -1.55197436 -1.63158982
 -1.51703313 -1.57915111 -1.49794285 -1.52321324 -1.43588927 -1.4585949
 -1.38771659 -1.40981438 -1.35162536 -1.37438692 -1.29767322 -1.29163154
 -1.22140311 -1.21494404 -1.15024581 -1.14390966 -1.08409125 -1.07827402
 -1.02282753 -1.01780745 -0.96631303 -0.96228108 -0.9143792  -0.91146297
 -0.86683854 -0.86512026 -0.82349287 -0.82302292 -0.78414074 -0.78494792
 -0.74858368 -0.75068315 -0.71663139 -0.72003085 -0.68810597 -0.69281054
 -0.66284544 -0.66886171 -0.64070671 -0.64804601 -0.62156809 -0.63024944
 -0.60533169 -0.61538442 -0.59192564 -0.60339197 -0.5813065  -0.59424418
 -0.5734619  -0.58794699 -0.5684136  -0.58454367 -0.56622104 -0.58411884
 -0.56698581 -0.58680365 -0.57085686 -0.59278188 -0.57803699 -0.60229758
 -0.58879057 -0.61566432 -0.60345288 -0.63327637 -0.62244121 -0.65562223
 -0.64626774 -0.68330073 -0.67555454 -0.71704017 -0.71105018 -0.7577207
 -0.75364767 -0.80640037 -0.80440218 -0.86434511 -0.86454608 -0.93306341
 -0.93549608 -1.01434766 -1.01884246 -1.11032896 -1.11629976 -1.22356784
 -1.22957301 -1.35726024 -1.36002154 -1.51588003 -1.51033134 -1.60618
 -1.45087338 -1.60680686 -1.28133955 52.16840063]	0
0.0	[-1.53834547 -2.1475734  -1.73229286 -1.86689312 -1.671357   -1.75709673
 -1.63372798 -1.70062427 -1.61316922 -1.64038349 -1.54634229 -1.57079451
 -1.49446402 -1.51826164 -1.45559654 -1.48010899 -1.39749424 -1.39098781
 -1.31535719 -1.30840127 -1.23872626 -1.23190271 -1.16748289 -1.16121818
 -1.10150657 -1.09610033 -1.0406448  -1.0363027  -0.98471606 -0.98157551
 -0.93351843 -0.93166798 -0.88683847 -0.88633237 -0.84445926 -0.84532853
 -0.80616704 -0.80842801 -0.77175688 -0.77541783 -0.7410372  -0.74610366
 -0.71383355 -0.72031261 -0.68999184 -0.6978957  -0.66938102 -0.67873016
 -0.65189567 -0.66272168 -0.63745838 -0.64980674 -0.62602238 -0.63995527
 -0.61757436 -0.63317369 -0.61213772 -0.62950856 -0.60977651 -0.62905106
 -0.6106001  -0.63194239 -0.61476893 -0.63838049 -0.62250137 -0.64862817
 -0.63408215 -0.66302311 -0.64987234 -0.68198994 -0.6703213  -0.70605471
 -0.69598064 -0.73586233 -0.72752027 -0.77219711 -0.76574635 -0.81600691
 -0.81162057 -0.86843117 -0.86627927 -0.9308332  -0.93104962 -1.00483752
 -1.00745732 -1.0923744  -1.09721496 -1.19573888 -1.20216897 -1.31768844
 -1.32415554 -1.46166488 -1.46463858 -1.63248619 -1.62651067 -1.72973231
 -1.56247902 -1.73040739 -1.37990413 56.18135452]	0
0.0	[-1.64822729 -2.3009715  -1.85602807 -2.00024263 -1.79073965 -1.88260364
 -1.75042284 -1.82209744 -1.72839559 -1.75755374 -1.65679531 -1.68299411
 -1.60121145 -1.6267089  -1.55956772 -1.58583106 -1.49731526 -1.49034408
 -1.40931128 -1.40185851 -1.32720671 -1.31989576 -1.25087452 -1.24416233
 -1.18018561 -1.17439322 -1.11497657 -1.11032432 -1.05505292 -1.05168805
 -1.00019832 -0.99821569 -0.95018408 -0.94964183 -0.90477778 -0.90570914
 -0.86375041 -0.86617287 -0.82688237 -0.83080482 -0.79396842 -0.79939678
 -0.76482166 -0.77176351 -0.73927697 -0.74774539 -0.71719395 -0.72721089
 -0.69845964 -0.71005894 -0.68299112 -0.69622151 -0.67073827 -0.68566636
 -0.66168681 -0.67840038 -0.65586184 -0.67447346 -0.65333197 -0.67398328
 -0.6542144  -0.67708114 -0.658681   -0.68397909 -0.66696576 -0.69495875
 -0.67937373 -0.71038191 -0.69629179 -0.7307035  -0.71820139 -0.75648719
 -0.74569355 -0.78842392 -0.779486   -0.82735404 -0.82044252 -0.87429312
 -0.86959347 -0.93046197 -0.92815636 -0.99732128 -0.99755317 -1.07661163
 -1.07941856 -1.17040114 -1.17558746 -1.2811488  -1.28803818 -1.41180905
 -1.41873808 -1.56606951 -1.56925562 -1.74909234 -1.74269    -1.85328462
 -1.67408466 -1.85400792 -1.47846871 60.19430842]	0
0.0	[-1.75810911 -2.4543696  -1.97976327 -2.13359213 -1.91012229 -2.00811055
 -1.86711769 -1.9435706  -1.84362197 -1.87472399 -1.76724833 -1.79519372
 -1.70795888 -1.73515616 -1.6635389  -1.69155313 -1.59713627 -1.58970035
 -1.50326536 -1.49531574 -1.41568715 -1.40788881 -1.33426616 -1.32710649
 -1.25886465 -1.2526861  -1.18930834 -1.18434594 -1.12538979 -1.12180058
 -1.0668782  -1.0647634  -1.01352969 -1.01295128 -0.9650963  -0.96608975
 -0.92133377 -0.92391773 -0.88200787 -0.88619181 -0.84689965 -0.8526899
 -0.81580977 -0.82321441 -0.7885621  -0.79759508 -0.76500689 -0.77569161
 -0.74502362 -0.7573962  -0.72852386 -0.74263627 -0.71545415 -0.73137745
 -0.70579927 -0.72362707 -0.69958597 -0.71943836 -0.69688744 -0.7189155
 -0.69782869 -0.72221988 -0.70259306 -0.7295777  -0.71143014 -0.74128933
 -0.72466531 -0.7577407  -0.74271124 -0.77941707 -0.76608149 -0.80691967
 -0.79540645 -0.84098551 -0.83145174 -0.88251098 -0.87513869 -0.93257932
 -0.92756637 -0.99249276 -0.99003345 -1.06380937 -1.06405671 -1.14838574
 -1.1513798  -1.24842789 -1.25395995 -1.36655872 -1.3739074  -1.50592965
 -1.51332062 -1.67047415 -1.67387266 -1.8656985  -1.85886934 -1.97683693
 -1.78569031 -1.97760845 -1.5770333  64.20726231]	0
0.0	[-1.86799093 -2.6077677  -2.10349848 -2.26694164 -2.02950493 -2.13361746
 -1.98381255 -2.06504376 -1.95884834 -1.99189424 -1.87770135 -1.90739333
 -1.81470631 -1.84360342 -1.76751008 -1.7972752  -1.69695729 -1.68905663
 -1.59721945 -1.58877297 -1.5041676  -1.49588186 -1.41765779 -1.41005064
 -1.33754369 -1.33097898 -1.26364011 -1.25836756 -1.19572665 -1.19191312
 -1.13355809 -1.13131111 -1.07687529 -1.07626074 -1.02541481 -1.02647036
 -0.97891713 -0.98166259 -0.93713336 -0.9415788  -0.89983088 -0.90598302
 -0.86679788 -0.87466531 -0.83784723 -0.84744478 -0.81281982 -0.82417234
 -0.7915876  -0.80473347 -0.7740566  -0.78905104 -0.76017004 -0.77708854
 -0.74991172 -0.76885376 -0.74331009 -0.76440325 -0.7404429  -0.76384772
 -0.74144298 -0.76735862 -0.74650513 -0.7751763  -0.75589452 -0.78761992
 -0.76995689 -0.8050995  -0.78913069 -0.82813064 -0.81396158 -0.85735214
 -0.84511935 -0.89354711 -0.88341747 -0.93766791 -0.92983486 -0.99086553
 -0.98553927 -1.05452356 -1.05191054 -1.13029746 -1.13056026 -1.22015985
 -1.22334103 -1.32645463 -1.33233245 -1.45196864 -1.45977661 -1.60005025
 -1.60790316 -1.77487878 -1.7784897  -1.98230465 -1.97504867 -2.10038923
 -1.89729595 -2.10120897 -1.67559788 68.22021621]	0
0.0	[-1.97787275 -2.7611658  -2.22723368 -2.40029115 -2.14888757 -2.25912437
 -2.1005074  -2.18651692 -2.07407471 -2.10906449 -1.98815437 -2.01959294
 -1.92145374 -1.95205068 -1.87148126 -1.90299727 -1.79677831 -1.7884129
 -1.69117353 -1.68223021 -1.59264805 -1.58387491 -1.50104943 -1.4929948
 -1.41622273 -1.40927186 -1.33797188 -1.33238918 -1.26606351 -1.26202566
 -1.20023798 -1.19785883 -1.1402209  -1.13957019 -1.08573333 -1.08685097
 -1.03650049 -1.03940744 -0.99225885 -0.99696579 -0.95276211 -0.95927614
 -0.91778599 -0.92611621 -0.88713236 -0.89729447 -0.86063275 -0.87265307
 -0.83815157 -0.85207073 -0.81958934 -0.83546581 -0.80488592 -0.82279963
 -0.79402418 -0.81408045 -0.78703421 -0.80936815 -0.78399837 -0.80877994
 -0.78505728 -0.81249736 -0.7904172  -0.82077491 -0.80035891 -0.8339505
 -0.81524848 -0.85245829 -0.83555015 -0.87684421 -0.86184167 -0.90778462
 -0.89483225 -0.9461087  -0.93538321 -0.99282485 -0.98453102 -1.04915174
 -1.04351216 -1.11655436 -1.11378763 -1.19678554 -1.1970638  -1.29193395
 -1.29530227 -1.40448137 -1.41070495 -1.53737856 -1.54564582 -1.69417086
 -1.7024857  -1.87928342 -1.88310675 -2.09891081 -2.091228   -2.22394154
 -2.0089016  -2.2248095  -1.77416246 72.2331701 ]	0
0.0	[-2.08775457 -2.9145639  -2.35096888 -2.53364066 -2.26827022 -2.38463128
 -2.21720226 -2.30799009 -2.18930109 -2.22623474 -2.09860739 -2.13179254
 -2.02820117 -2.06049794 -1.97545245 -2.00871935 -1.89659932 -1.88776917
 -1.78512762 -1.77568744 -1.68112849 -1.67186796 -1.58444106 -1.57593895
 -1.49490177 -1.48756474 -1.41230366 -1.4064108  -1.33640037 -1.33213819
 -1.26691787 -1.26440654 -1.2035665  -1.20287965 -1.14605185 -1.14723157
 -1.09408385 -1.0971523  -1.04738434 -1.05235277 -1.00569334 -1.01256925
 -0.9687741  -0.97756711 -0.9364175  -0.94714416 -0.90844568 -0.92113379
 -0.88471555 -0.89940799 -0.86512208 -0.88188057 -0.8496018  -0.86851072
 -0.83813663 -0.85930715 -0.83075833 -0.85433305 -0.82755383 -0.85371216
 -0.82867157 -0.8576361  -0.83432926 -0.86637352 -0.84482329 -0.88028108
 -0.86054006 -0.89981708 -0.8819696  -0.92555777 -0.90972176 -0.9582171
 -0.94454516 -0.9986703  -0.98734894 -1.04798179 -1.03922719 -1.10743795
 -1.10148506 -1.17858516 -1.17566473 -1.26327363 -1.26356735 -1.36370806
 -1.36726351 -1.48250812 -1.48907745 -1.62278848 -1.63151503 -1.78829146
 -1.79706824 -1.98368805 -1.98772379 -2.21551697 -2.20740734 -2.34749385
 -2.12050724 -2.34841003 -1.87272704 76.246124  ]	0
